[2018-10-14T19:47:19.973] [INFO] info - Search result of getAll Service []
[2018-10-14T19:52:23.809] [INFO] info - Search result of getAll Service [ { words: [ 'where', 'library' ],
    _id: 5bc351093ea34c133cd4a77c,
    contentId: 0,
    contentType: 'Link',
    contentLevel: 'Public',
    content: 'HTTP://EXAMPLE.COM',
    domain: 'Library',
    testPhrase: 'Where is the Library?',
    __v: 0 } ]
[2018-10-14T19:53:16.161] [INFO] info - Search result of getAll Service [ { words: [ 'where', 'library' ],
    _id: 5bc351093ea34c133cd4a77c,
    contentId: 0,
    contentType: 'Link',
    contentLevel: 'Public',
    content: 'HTTP://EXAMPLE.COM',
    domain: 'Library',
    testPhrase: 'Where is the Library?',
    __v: 0 },
  { words: [ 'how', 'library' ],
    _id: 5bc3514b1d00b61afcf1a811,
    contentId: 1,
    contentType: 'Link',
    contentLevel: 'Public',
    content: 'HTTP://EXAMPLE2.COM',
    domain: 'Library',
    testPhrase: 'How to check out a library book?',
    __v: 0 } ]
[2018-10-14T19:55:18.342] [INFO] info - Search result of getAll Service [ { words: [ 'where', 'library' ],
    _id: 5bc351093ea34c133cd4a77c,
    contentId: 0,
    contentType: 'Link',
    contentLevel: 'Public',
    content: 'HTTP://EXAMPLE.COM',
    domain: 'Library',
    testPhrase: 'Where is the Library?',
    __v: 0 },
  { words: [ 'how', 'library' ],
    _id: 5bc3514b1d00b61afcf1a811,
    contentId: 1,
    contentType: 'Link',
    contentLevel: 'Public',
    content: 'HTTP://EXAMPLE2.COM',
    domain: 'Library',
    testPhrase: 'How to check out a library book?',
    __v: 0 },
  { words: [ 'when', 'library' ],
    _id: 5bc3519c82ed7e22d4ca64db,
    contentId: 2,
    contentType: 'Link',
    contentLevel: 'Public',
    content: 'The library is open Daily from 8:00 AM to 18:00 AM',
    domain: 'Library',
    testPhrase: 'When is the library open ?',
    __v: 0 },
  { words: [ 'where', 'human resources', 'hr' ],
    _id: 5bc351c50c63df081408f2a3,
    contentId: 3,
    contentType: 'Link',
    contentLevel: 'Public',
    content: 'The HR dept is located on the third floor of the main building. Room C36',
    domain: 'locations',
    testPhrase: 'Where is the HR department?',
    __v: 0 } ]
[2018-10-14T20:00:51.900] [INFO] info - Search result of getAll Service [ { words: [ 'where', 'library' ],
    _id: 5bc351093ea34c133cd4a77c,
    contentId: 0,
    contentType: 'Link',
    contentLevel: 'Public',
    content: 'HTTP://EXAMPLE.COM',
    domain: 'Library',
    testPhrase: 'Where is the Library?',
    __v: 0 },
  { words: [ 'how', 'library' ],
    _id: 5bc3514b1d00b61afcf1a811,
    contentId: 1,
    contentType: 'Link',
    contentLevel: 'Public',
    content: 'HTTP://EXAMPLE2.COM',
    domain: 'Library',
    testPhrase: 'How to check out a library book?',
    __v: 0 },
  { words: [ 'when', 'library' ],
    _id: 5bc3519c82ed7e22d4ca64db,
    contentId: 2,
    contentType: 'Link',
    contentLevel: 'Public',
    content: 'The library is open Daily from 8:00 AM to 18:00 AM',
    domain: 'Library',
    testPhrase: 'When is the library open ?',
    __v: 0 },
  { words: [ 'where', 'human resources', 'hr' ],
    _id: 5bc351c50c63df081408f2a3,
    contentId: 3,
    contentType: 'Link',
    contentLevel: 'Public',
    content: 'The HR dept is located on the third floor of the main building. Room C36',
    domain: 'locations',
    testPhrase: 'Where is the HR department?',
    __v: 0 } ]
[2018-10-14T20:01:16.186] [INFO] info - Search result of getAll Service []
[2018-10-14T20:01:39.397] [INFO] info - Search result of getAll Service []
[2018-10-14T20:02:14.989] [INFO] info - Search result of getAll Service [ { words: [ 'where', 'library' ],
    _id: 5bc351093ea34c133cd4a77c,
    contentId: 0,
    contentType: 'Link',
    contentLevel: 'Public',
    content: 'HTTP://EXAMPLE.COM',
    domain: 'Library',
    testPhrase: 'Where is the Library?',
    __v: 0 } ]
[2018-10-14T20:03:43.710] [INFO] info - Search result of getAll Service [ { words: [ 'where', 'library' ],
    _id: 5bc351093ea34c133cd4a77c,
    contentId: 0,
    contentType: 'Link',
    contentLevel: 'Public',
    content: 'HTTP://EXAMPLE.COM',
    domain: 'Library',
    testPhrase: 'Where is the Library?',
    __v: 0 } ]
[2018-10-14T20:04:33.300] [INFO] info - Search result of getAll Service [ { words: [ 'where', 'library' ],
    _id: 5bc351093ea34c133cd4a77c,
    contentId: 0,
    contentType: 'Link',
    contentLevel: 'Public',
    content: 'HTTP://EXAMPLE.COM',
    domain: 'Library',
    testPhrase: 'Where is the Library?',
    __v: 0 } ]
[2018-10-14T20:05:07.900] [INFO] info - Search result of getAll Service [ { words: [ 'where', 'library' ],
    _id: 5bc351093ea34c133cd4a77c,
    contentId: 0,
    contentType: 'Link',
    contentLevel: 'Public',
    content: 'HTTP://EXAMPLE.COM',
    domain: 'Library',
    testPhrase: 'Where is the Library?',
    __v: 0 } ]
[2018-10-14T21:35:50.035] [INFO] info - Search result of getAll Service [ { words: [ 'where', 'library' ],
    _id: 5bc351093ea34c133cd4a77c,
    contentId: 0,
    contentType: 'Link',
    contentLevel: 'Public',
    content: 'HTTP://EXAMPLE.COM',
    domain: 'Library',
    testPhrase: 'Where is the Library?',
    __v: 0 } ]
[2018-10-14T21:36:43.699] [INFO] info - Search result of getAll Service []
[2018-10-14T21:39:24.903] [INFO] info - Search result of getAll Service [ { words: [ 'where', 'library' ],
    _id: 5bc351093ea34c133cd4a77c,
    contentId: 0,
    contentType: 'Link',
    contentLevel: 'Public',
    content: 'HTTP://EXAMPLE.COM',
    domain: 'Library',
    testPhrase: 'Where is the Library?',
    __v: 0 } ]
[2018-10-14T21:42:31.505] [INFO] info - Search result of getAll Service [ { words: [ 'where', 'library' ],
    _id: 5bc351093ea34c133cd4a77c,
    contentId: 0,
    contentType: 'Link',
    contentLevel: 'Public',
    content: 'HTTP://EXAMPLE.COM',
    domain: 'Library',
    testPhrase: 'Where is the Library?',
    __v: 0 } ]
[2018-10-14T21:43:55.297] [INFO] info - Search result of getAll Service [ { words: [ 'where', 'library' ],
    _id: 5bc351093ea34c133cd4a77c,
    contentId: 0,
    contentType: 'Link',
    contentLevel: 'Public',
    content: 'HTTP://EXAMPLE.COM',
    domain: 'Library',
    testPhrase: 'Where is the Library?',
    __v: 0 } ]
[2018-10-14T21:44:20.739] [INFO] info - Search result of getAll Service [ { words: [ 'where', 'library' ],
    _id: 5bc351093ea34c133cd4a77c,
    contentId: 0,
    contentType: 'Link',
    contentLevel: 'Public',
    content: 'HTTP://EXAMPLE.COM',
    domain: 'Library',
    testPhrase: 'Where is the Library?',
    __v: 0 } ]
[2018-10-14T21:46:07.563] [INFO] info - Search result of getAll Service []
[2018-10-14T21:47:14.497] [INFO] info - Search result of getAll Service [ { words: [ 'when', 'library' ],
    _id: 5bc3519c82ed7e22d4ca64db,
    contentId: 2,
    contentType: 'Link',
    contentLevel: 'Public',
    content: 'The library is open Daily from 8:00 AM to 18:00 AM',
    domain: 'Library',
    testPhrase: 'When is the library open ?',
    __v: 0 } ]
[2018-10-14T21:49:35.419] [INFO] info - Search result of getAll Service [ { words: [ 'when', 'library', 'open' ],
    _id: 5bc36c8e653e970a2419e2f0,
    contentId: 4,
    contentType: 'Text',
    contentLevel: 'Public',
    content: 'The library is open Daily from 8:00 AM.',
    domain: 'Library',
    testPhrase: 'When is the library open ?',
    __v: 0 } ]
[2018-10-14T22:28:35.761] [INFO] info - Search result of getAll Service [ { words: [ 'where', 'library' ],
    _id: 5bc351093ea34c133cd4a77c,
    contentId: 0,
    contentType: 'Link',
    contentLevel: 'Public',
    content: 'HTTP://EXAMPLE.COM',
    domain: 'Library',
    testPhrase: 'Where is the Library?',
    __v: 0 },
  { words: [ 'how', 'library' ],
    _id: 5bc3514b1d00b61afcf1a811,
    contentId: 1,
    contentType: 'Link',
    contentLevel: 'Public',
    content: 'HTTP://EXAMPLE2.COM',
    domain: 'Library',
    testPhrase: 'How to check out a library book?',
    __v: 0 },
  { words: [ 'when', 'library' ],
    _id: 5bc3519c82ed7e22d4ca64db,
    contentId: 2,
    contentType: 'Link',
    contentLevel: 'Public',
    content: 'The library is open Daily from 8:00 AM to 18:00 AM',
    domain: 'Library',
    testPhrase: 'When is the library open ?',
    __v: 0 },
  { words: [ 'where', 'human resources', 'hr' ],
    _id: 5bc351c50c63df081408f2a3,
    contentId: 3,
    contentType: 'Link',
    contentLevel: 'Public',
    content: 'The HR dept is located on the third floor of the main building. Room C36',
    domain: 'locations',
    testPhrase: 'Where is the HR department?',
    __v: 0 },
  { words: [ 'when', 'library', 'open' ],
    _id: 5bc36c8e653e970a2419e2f0,
    contentId: 4,
    contentType: 'Text',
    contentLevel: 'Public',
    content: 'The library is open Daily from 8:00 AM.',
    domain: 'Library',
    testPhrase: 'When is the library open ?',
    __v: 0 },
  { words: [ 'where', 'library' ],
    _id: 5bc375928c8d9419f099b6cf,
    contentId: 0,
    contentType: 'Link',
    contentLevel: 'Public',
    content: 'HTTP://EXAMPLE.COM',
    domain: 'Library',
    testPhrase: 'Where is the Library?' },
  { words: [ 'how', 'library' ],
    _id: 5bc375928c8d9419f099b6d0,
    contentId: 1,
    contentType: 'Link',
    contentLevel: 'Public',
    content: 'HTTP://EXAMPLE2.COM',
    domain: 'Library',
    testPhrase: 'How to check out a library book?' },
  { words: [ 'when', 'library' ],
    _id: 5bc375928c8d9419f099b6d1,
    contentId: 2,
    contentType: 'Link',
    contentLevel: 'Public',
    content: 'The library is open Daily from 8:00 AM to 18:00 AM',
    domain: 'Library',
    testPhrase: 'When is the library open ?' },
  { words: [ 'where', 'human resources', 'hr' ],
    _id: 5bc375928c8d9419f099b6d2,
    contentId: 3,
    contentType: 'Link',
    contentLevel: 'Public',
    content: 'The HR dept is located on the third floor of the main building. Room C36',
    domain: 'locations',
    testPhrase: 'Where is the HR department?' },
  { words: [ 'when', 'library', 'open' ],
    _id: 5bc375928c8d9419f099b6d3,
    contentId: 4,
    contentType: 'Text',
    contentLevel: 'Public',
    content: 'The library is open Daily from 8:00 AM.',
    domain: 'Library',
    testPhrase: 'When is the library open ?' },
  { words: [ 'when', 'library', 'close' ],
    _id: 5bc375928c8d9419f099b6d4,
    contentId: 5,
    contentType: 'Text',
    contentLevel: 'Public',
    content: 'The library is close Daily on 6:00 PM.',
    domain: 'Library',
    testPhrase: 'When is the library close ?' } ]
[2018-10-14T22:28:51.889] [INFO] info - Search result of getAll Service [ { words: [ 'when', 'library', 'open' ],
    _id: 5bc36c8e653e970a2419e2f0,
    contentId: 4,
    contentType: 'Text',
    contentLevel: 'Public',
    content: 'The library is open Daily from 8:00 AM.',
    domain: 'Library',
    testPhrase: 'When is the library open ?',
    __v: 0 },
  { words: [ 'when', 'library', 'open' ],
    _id: 5bc375928c8d9419f099b6d3,
    contentId: 4,
    contentType: 'Text',
    contentLevel: 'Public',
    content: 'The library is open Daily from 8:00 AM.',
    domain: 'Library',
    testPhrase: 'When is the library open ?' } ]
[2018-10-14T22:30:20.280] [INFO] info - Search result of getAll Service [ { words: [ 'when', 'library' ],
    _id: 5bc3519c82ed7e22d4ca64db,
    contentId: 2,
    contentType: 'Link',
    contentLevel: 'Public',
    content: 'The library is open Daily from 8:00 AM to 18:00 AM',
    domain: 'Library',
    testPhrase: 'When is the library open ?',
    __v: 0 },
  { words: [ 'when', 'library', 'open' ],
    _id: 5bc36c8e653e970a2419e2f0,
    contentId: 4,
    contentType: 'Text',
    contentLevel: 'Public',
    content: 'The library is open Daily from 8:00 AM.',
    domain: 'Library',
    testPhrase: 'When is the library open ?',
    __v: 0 },
  { words: [ 'when', 'library' ],
    _id: 5bc375928c8d9419f099b6d1,
    contentId: 2,
    contentType: 'Link',
    contentLevel: 'Public',
    content: 'The library is open Daily from 8:00 AM to 18:00 AM',
    domain: 'Library',
    testPhrase: 'When is the library open ?' },
  { words: [ 'when', 'library', 'open' ],
    _id: 5bc375928c8d9419f099b6d3,
    contentId: 4,
    contentType: 'Text',
    contentLevel: 'Public',
    content: 'The library is open Daily from 8:00 AM.',
    domain: 'Library',
    testPhrase: 'When is the library open ?' },
  { words: [ 'when', 'library', 'close' ],
    _id: 5bc375928c8d9419f099b6d4,
    contentId: 5,
    contentType: 'Text',
    contentLevel: 'Public',
    content: 'The library is close Daily on 6:00 PM.',
    domain: 'Library',
    testPhrase: 'When is the library close ?' } ]
[2018-10-15T15:12:36.095] [INFO] info - Search result of getAll Service []
[2018-10-15T15:21:14.092] [INFO] info - Search result of getAll Service [ { words: [ 'where', 'library' ],
    _id: 5bc463055813ac1a7cebc9a0,
    contentId: 0,
    contentType: 'Link',
    contentLevel: 'Public',
    content: 'HTTP://EXAMPLE.COM',
    domain: 'Library',
    testPhrase: 'Where is the Library?' },
  { words: [ 'how', 'library' ],
    _id: 5bc463055813ac1a7cebc9a1,
    contentId: 1,
    contentType: 'Link',
    contentLevel: 'Public',
    content: 'HTTP://EXAMPLE2.COM',
    domain: 'Library',
    testPhrase: 'How to check out a library book?' },
  { words: [ 'when', 'library' ],
    _id: 5bc463055813ac1a7cebc9a2,
    contentId: 2,
    contentType: 'Link',
    contentLevel: 'Public',
    content: 'The library is open Daily from 8:00 AM to 18:00 AM',
    domain: 'Library',
    testPhrase: 'When is the library open ?' },
  { words: [ 'where', 'human resources', 'hr' ],
    _id: 5bc463055813ac1a7cebc9a3,
    contentId: 3,
    contentType: 'Link',
    contentLevel: 'Public',
    content: 'The HR dept is located on the third floor of the main building. Room C36',
    domain: 'locations',
    testPhrase: 'Where is the HR department?' },
  { words: [ 'when', 'library', 'open' ],
    _id: 5bc463055813ac1a7cebc9a4,
    contentId: 4,
    contentType: 'Text',
    contentLevel: 'Public',
    content: 'The library is open Daily from 8:00 AM.',
    domain: 'Library',
    testPhrase: 'When is the library open ?' },
  { words: [ 'when', 'library', 'close' ],
    _id: 5bc463055813ac1a7cebc9a5,
    contentId: 5,
    contentType: 'Text',
    contentLevel: 'Public',
    content: 'The library is close Daily on 6:00 PM.',
    domain: 'Library',
    testPhrase: 'When is the library close ?' } ]
[2018-10-15T15:21:36.187] [INFO] info - Search result of getAll Service [ { words: [ 'where', 'library' ],
    _id: 5bc463055813ac1a7cebc9a0,
    contentId: 0,
    contentType: 'Link',
    contentLevel: 'Public',
    content: 'HTTP://EXAMPLE.COM',
    domain: 'Library',
    testPhrase: 'Where is the Library?' } ]
[2018-10-15T15:21:59.591] [INFO] info - Search result of getAll Service [ { words: [ 'how', 'library' ],
    _id: 5bc463055813ac1a7cebc9a1,
    contentId: 1,
    contentType: 'Link',
    contentLevel: 'Public',
    content: 'HTTP://EXAMPLE2.COM',
    domain: 'Library',
    testPhrase: 'How to check out a library book?' } ]
[2018-10-15T15:22:14.067] [INFO] info - Search result of getAll Service [ { words: [ 'when', 'library', 'open' ],
    _id: 5bc463055813ac1a7cebc9a4,
    contentId: 4,
    contentType: 'Text',
    contentLevel: 'Public',
    content: 'The library is open Daily from 8:00 AM.',
    domain: 'Library',
    testPhrase: 'When is the library open ?' } ]
[2018-10-15T15:22:37.415] [INFO] info - Search result of getAll Service [ { words: [ 'when', 'library' ],
    _id: 5bc463055813ac1a7cebc9a2,
    contentId: 2,
    contentType: 'Link',
    contentLevel: 'Public',
    content: 'The library is open Daily from 8:00 AM to 18:00 AM',
    domain: 'Library',
    testPhrase: 'When is the library open ?' },
  { words: [ 'when', 'library', 'open' ],
    _id: 5bc463055813ac1a7cebc9a4,
    contentId: 4,
    contentType: 'Text',
    contentLevel: 'Public',
    content: 'The library is open Daily from 8:00 AM.',
    domain: 'Library',
    testPhrase: 'When is the library open ?' },
  { words: [ 'when', 'library', 'close' ],
    _id: 5bc463055813ac1a7cebc9a5,
    contentId: 5,
    contentType: 'Text',
    contentLevel: 'Public',
    content: 'The library is close Daily on 6:00 PM.',
    domain: 'Library',
    testPhrase: 'When is the library close ?' } ]
[2018-10-15T15:22:58.892] [INFO] info - Search result of getAll Service [ { words: [ 'when', 'library', 'close' ],
    _id: 5bc463055813ac1a7cebc9a5,
    contentId: 5,
    contentType: 'Text',
    contentLevel: 'Public',
    content: 'The library is close Daily on 6:00 PM.',
    domain: 'Library',
    testPhrase: 'When is the library close ?' } ]
[2018-10-15T15:44:18.915] [INFO] info - Search result of getAll Service [ { words: [ 'when', 'library' ],
    _id: 5bc463055813ac1a7cebc9a2,
    contentId: 2,
    contentType: 'Link',
    contentLevel: 'Public',
    content: 'The library is open Daily from 8:00 AM to 18:00 AM',
    domain: 'Library',
    testPhrase: 'When is the library open ?' },
  { words: [ 'when', 'library', 'open' ],
    _id: 5bc463055813ac1a7cebc9a4,
    contentId: 4,
    contentType: 'Text',
    contentLevel: 'Public',
    content: 'The library is open Daily from 8:00 AM.',
    domain: 'Library',
    testPhrase: 'When is the library open ?' },
  { words: [ 'when', 'library', 'close' ],
    _id: 5bc463055813ac1a7cebc9a5,
    contentId: 5,
    contentType: 'Text',
    contentLevel: 'Public',
    content: 'The library is close Daily on 6:00 PM.',
    domain: 'Library',
    testPhrase: 'When is the library close ?' } ]
[2018-10-15T15:44:58.086] [INFO] info - Search result of getAll Service [ { words: [ 'when', 'library', 'open' ],
    _id: 5bc463055813ac1a7cebc9a4,
    contentId: 4,
    contentType: 'Text',
    contentLevel: 'Public',
    content: 'The library is open Daily from 8:00 AM.',
    domain: 'Library',
    testPhrase: 'When is the library open ?' } ]
[2018-10-15T15:51:18.203] [INFO] info - Search result of getAll Service [ { words: [ 'where', 'library' ],
    _id: 5bc463055813ac1a7cebc9a0,
    contentId: 0,
    contentType: 'Link',
    contentLevel: 'Public',
    content: 'HTTP://EXAMPLE.COM',
    domain: 'Library',
    testPhrase: 'Where is the Library?' },
  { words: [ 'where', 'human resources', 'hr' ],
    _id: 5bc463055813ac1a7cebc9a3,
    contentId: 3,
    contentType: 'Link',
    contentLevel: 'Public',
    content: 'The HR dept is located on the third floor of the main building. Room C36',
    domain: 'locations',
    testPhrase: 'Where is the HR department?' } ]
[2018-10-15T15:58:46.264] [INFO] info - Search result of getAll Service [ { words: [ 'where', 'library' ],
    _id: 5bc463055813ac1a7cebc9a0,
    contentId: 0,
    contentType: 'Link',
    contentLevel: 'Public',
    content: 'HTTP://EXAMPLE.COM',
    domain: 'Library',
    testPhrase: 'Where is the Library?' },
  { words: [ 'how', 'library' ],
    _id: 5bc463055813ac1a7cebc9a1,
    contentId: 1,
    contentType: 'Link',
    contentLevel: 'Public',
    content: 'HTTP://EXAMPLE2.COM',
    domain: 'Library',
    testPhrase: 'How to check out a library book?' },
  { words: [ 'when', 'library' ],
    _id: 5bc463055813ac1a7cebc9a2,
    contentId: 2,
    contentType: 'Link',
    contentLevel: 'Public',
    content: 'The library is open Daily from 8:00 AM to 18:00 AM',
    domain: 'Library',
    testPhrase: 'When is the library open ?' },
  { words: [ 'where', 'human resources', 'hr' ],
    _id: 5bc463055813ac1a7cebc9a3,
    contentId: 3,
    contentType: 'Link',
    contentLevel: 'Public',
    content: 'The HR dept is located on the third floor of the main building. Room C36',
    domain: 'locations',
    testPhrase: 'Where is the HR department?' },
  { words: [ 'when', 'library', 'open' ],
    _id: 5bc463055813ac1a7cebc9a4,
    contentId: 4,
    contentType: 'Text',
    contentLevel: 'Public',
    content: 'The library is open Daily from 8:00 AM.',
    domain: 'Library',
    testPhrase: 'When is the library open ?' },
  { words: [ 'when', 'library', 'close' ],
    _id: 5bc463055813ac1a7cebc9a5,
    contentId: 5,
    contentType: 'Text',
    contentLevel: 'Public',
    content: 'The library is close Daily on 6:00 PM.',
    domain: 'Library',
    testPhrase: 'When is the library close ?' } ]
[2018-10-15T15:59:23.023] [INFO] info - Search result of getAll Service [ { words: [ 'where', 'library' ],
    _id: 5bc463055813ac1a7cebc9a0,
    contentId: 0,
    contentType: 'Link',
    contentLevel: 'Public',
    content: 'HTTP://EXAMPLE.COM',
    domain: 'Library',
    testPhrase: 'Where is the Library?' } ]
[2018-10-15T15:59:58.660] [INFO] info - Search result of getAll Service [ { words: [ 'how', 'library' ],
    _id: 5bc463055813ac1a7cebc9a1,
    contentId: 1,
    contentType: 'Link',
    contentLevel: 'Public',
    content: 'HTTP://EXAMPLE2.COM',
    domain: 'Library',
    testPhrase: 'How to check out a library book?' } ]
[2018-10-15T16:00:14.942] [INFO] info - Search result of getAll Service [ { words: [ 'when', 'library' ],
    _id: 5bc463055813ac1a7cebc9a2,
    contentId: 2,
    contentType: 'Link',
    contentLevel: 'Public',
    content: 'The library is open Daily from 8:00 AM to 18:00 AM',
    domain: 'Library',
    testPhrase: 'When is the library open ?' },
  { words: [ 'when', 'library', 'open' ],
    _id: 5bc463055813ac1a7cebc9a4,
    contentId: 4,
    contentType: 'Text',
    contentLevel: 'Public',
    content: 'The library is open Daily from 8:00 AM.',
    domain: 'Library',
    testPhrase: 'When is the library open ?' },
  { words: [ 'when', 'library', 'close' ],
    _id: 5bc463055813ac1a7cebc9a5,
    contentId: 5,
    contentType: 'Text',
    contentLevel: 'Public',
    content: 'The library is close Daily on 6:00 PM.',
    domain: 'Library',
    testPhrase: 'When is the library close ?' } ]
[2018-10-15T16:01:24.166] [INFO] info - Search result of getAll Service [ { words: [ 'when', 'library' ],
    _id: 5bc463055813ac1a7cebc9a2,
    contentId: 2,
    contentType: 'Link',
    contentLevel: 'Public',
    content: 'The library is open Daily from 8:00 AM to 18:00 AM',
    domain: 'Library',
    testPhrase: 'When is the library open ?' },
  { words: [ 'when', 'library', 'open' ],
    _id: 5bc463055813ac1a7cebc9a4,
    contentId: 4,
    contentType: 'Text',
    contentLevel: 'Public',
    content: 'The library is open Daily from 8:00 AM.',
    domain: 'Library',
    testPhrase: 'When is the library open ?' },
  { words: [ 'when', 'library', 'close' ],
    _id: 5bc463055813ac1a7cebc9a5,
    contentId: 5,
    contentType: 'Text',
    contentLevel: 'Public',
    content: 'The library is close Daily on 6:00 PM.',
    domain: 'Library',
    testPhrase: 'When is the library close ?' } ]
[2018-10-15T16:02:41.937] [INFO] info - Search result of getAll Service [ { words: [ 'where', 'human resources', 'hr' ],
    _id: 5bc463055813ac1a7cebc9a3,
    contentId: 3,
    contentType: 'Link',
    contentLevel: 'Public',
    content: 'The HR dept is located on the third floor of the main building. Room C36',
    domain: 'locations',
    testPhrase: 'Where is the HR department?' } ]
[2018-10-15T16:03:01.144] [INFO] info - Search result of getAll Service []
[2018-10-15T16:03:19.561] [INFO] info - Search result of getAll Service []
[2018-10-15T16:04:12.321] [INFO] info - Search result of getAll Service [ { words: [ 'where', 'human resources', 'hr' ],
    _id: 5bc463055813ac1a7cebc9a3,
    contentId: 3,
    contentType: 'Link',
    contentLevel: 'Public',
    content: 'The HR dept is located on the third floor of the main building. Room C36',
    domain: 'locations',
    testPhrase: 'Where is the HR department?' } ]
[2018-10-15T16:11:39.665] [INFO] info - Search result of getAll Service []
[2018-10-15T16:12:08.157] [INFO] info - Search result of getAll Service [ { words: [ 'where', 'library' ],
    _id: 5bc46ef6a6923804204c0301,
    contentId: 0,
    contentType: 'Link',
    contentLevel: 'Public',
    content: 'HTTP://EXAMPLE.COM',
    domain: 'Library',
    testPhrase: 'Where is the Library?' },
  { words: [ 'how', 'library' ],
    _id: 5bc46ef6a6923804204c0302,
    contentId: 1,
    contentType: 'Link',
    contentLevel: 'Public',
    content: 'HTTP://EXAMPLE2.COM',
    domain: 'Library',
    testPhrase: 'How to check out a library book?' },
  { words: [ 'when', 'library' ],
    _id: 5bc46ef6a6923804204c0303,
    contentId: 2,
    contentType: 'Link',
    contentLevel: 'Public',
    content: 'The library is open Daily from 8:00 AM to 18:00 AM',
    domain: 'Library',
    testPhrase: 'When is the library open and close?' },
  { words: [ 'where', 'human resources', 'hr' ],
    _id: 5bc46ef6a6923804204c0304,
    contentId: 3,
    contentType: 'Link',
    contentLevel: 'Public',
    content: 'The HR dept is located on the third floor of the main building. Room C36',
    domain: 'locations',
    testPhrase: 'Where is the HR department?' },
  { words: [ 'when', 'library', 'open' ],
    _id: 5bc46ef6a6923804204c0305,
    contentId: 4,
    contentType: 'Text',
    contentLevel: 'Public',
    content: 'The library is open Daily from 8:00 AM.',
    domain: 'Library',
    testPhrase: 'When is the library open ?' },
  { words: [ 'when', 'library', 'close' ],
    _id: 5bc46ef6a6923804204c0306,
    contentId: 5,
    contentType: 'Text',
    contentLevel: 'Public',
    content: 'The library is close Daily on 6:00 PM.',
    domain: 'Library',
    testPhrase: 'When is the library close ?' } ]
[2018-10-15T16:12:19.176] [INFO] info - Search result of getAll Service [ { words: [ 'where', 'human resources', 'hr' ],
    _id: 5bc46ef6a6923804204c0304,
    contentId: 3,
    contentType: 'Link',
    contentLevel: 'Public',
    content: 'The HR dept is located on the third floor of the main building. Room C36',
    domain: 'locations',
    testPhrase: 'Where is the HR department?' } ]
[2018-10-15T16:12:42.775] [INFO] info - Search result of getAll Service [ { words: [ 'when', 'library' ],
    _id: 5bc46ef6a6923804204c0303,
    contentId: 2,
    contentType: 'Link',
    contentLevel: 'Public',
    content: 'The library is open Daily from 8:00 AM to 18:00 AM',
    domain: 'Library',
    testPhrase: 'When is the library open and close?' },
  { words: [ 'when', 'library', 'open' ],
    _id: 5bc46ef6a6923804204c0305,
    contentId: 4,
    contentType: 'Text',
    contentLevel: 'Public',
    content: 'The library is open Daily from 8:00 AM.',
    domain: 'Library',
    testPhrase: 'When is the library open ?' },
  { words: [ 'when', 'library', 'close' ],
    _id: 5bc46ef6a6923804204c0306,
    contentId: 5,
    contentType: 'Text',
    contentLevel: 'Public',
    content: 'The library is close Daily on 6:00 PM.',
    domain: 'Library',
    testPhrase: 'When is the library close ?' } ]
[2018-10-15T16:15:50.279] [INFO] info - Search result of getAll Service [ { words: [ 'where', 'library' ],
    _id: 5bc46fd3f912411d00b93774,
    contentId: 0,
    contentType: 'Link',
    contentLevel: 'Public',
    content: 'HTTP://EXAMPLE.COM',
    domain: 'Library',
    testPhrase: 'Where is the Library?' },
  { words: [ 'how', 'library' ],
    _id: 5bc46fd3f912411d00b93775,
    contentId: 1,
    contentType: 'Link',
    contentLevel: 'Public',
    content: 'HTTP://EXAMPLE2.COM',
    domain: 'Library',
    testPhrase: 'How to check out a library book?' },
  { words: [ 'when', 'library' ],
    _id: 5bc46fd3f912411d00b93776,
    contentId: 2,
    contentType: 'Link',
    contentLevel: 'Public',
    content: 'The library is open Daily from 8:00 AM to 18:00 AM',
    domain: 'Library',
    testPhrase: 'When is the library open and close?' },
  { words: [ 'where', 'human resources', 'hr' ],
    _id: 5bc46fd3f912411d00b93777,
    contentId: 3,
    contentType: 'Link',
    contentLevel: 'Public',
    content: 'The HR dept is located on the third floor of the main building. Room C36',
    domain: 'locations',
    testPhrase: 'Where is the HR department?' },
  { words: [ 'when', 'library', 'open' ],
    _id: 5bc46fd3f912411d00b93778,
    contentId: 4,
    contentType: 'Text',
    contentLevel: 'Public',
    content: 'The library is open Daily from 8:00 AM.',
    domain: 'Library',
    testPhrase: 'When is the library open ?' },
  { words: [ 'when', 'library', 'close' ],
    _id: 5bc46fd3f912411d00b93779,
    contentId: 5,
    contentType: 'Text',
    contentLevel: 'Public',
    content: 'The library is close Daily on 6:00 PM.',
    domain: 'Library',
    testPhrase: 'When is the library close ?' } ]
[2018-10-15T16:15:55.928] [INFO] info - Search result of getAll Service [ { words: [ 'when', 'library' ],
    _id: 5bc46fd3f912411d00b93776,
    contentId: 2,
    contentType: 'Link',
    contentLevel: 'Public',
    content: 'The library is open Daily from 8:00 AM to 18:00 AM',
    domain: 'Library',
    testPhrase: 'When is the library open and close?' },
  { words: [ 'when', 'library', 'open' ],
    _id: 5bc46fd3f912411d00b93778,
    contentId: 4,
    contentType: 'Text',
    contentLevel: 'Public',
    content: 'The library is open Daily from 8:00 AM.',
    domain: 'Library',
    testPhrase: 'When is the library open ?' },
  { words: [ 'when', 'library', 'close' ],
    _id: 5bc46fd3f912411d00b93779,
    contentId: 5,
    contentType: 'Text',
    contentLevel: 'Public',
    content: 'The library is close Daily on 6:00 PM.',
    domain: 'Library',
    testPhrase: 'When is the library close ?' } ]
[2018-10-15T16:16:10.791] [INFO] info - Search result of getAll Service [ { words: [ 'when', 'library', 'open' ],
    _id: 5bc46fd3f912411d00b93778,
    contentId: 4,
    contentType: 'Text',
    contentLevel: 'Public',
    content: 'The library is open Daily from 8:00 AM.',
    domain: 'Library',
    testPhrase: 'When is the library open ?' } ]
[2018-10-15T16:28:33.470] [INFO] info - Search result of getAll Service [ { words: [ 'where', 'library' ],
    _id: 5bc46fd3f912411d00b93774,
    contentId: 0,
    contentType: 'Link',
    contentLevel: 'Public',
    content: 'HTTP://EXAMPLE.COM',
    domain: 'Library',
    testPhrase: 'Where is the Library?' },
  { words: [ 'how', 'library' ],
    _id: 5bc46fd3f912411d00b93775,
    contentId: 1,
    contentType: 'Link',
    contentLevel: 'Public',
    content: 'HTTP://EXAMPLE2.COM',
    domain: 'Library',
    testPhrase: 'How to check out a library book?' },
  { words: [ 'when', 'library' ],
    _id: 5bc46fd3f912411d00b93776,
    contentId: 2,
    contentType: 'Link',
    contentLevel: 'Public',
    content: 'The library is open Daily from 8:00 AM to 18:00 AM',
    domain: 'Library',
    testPhrase: 'When is the library open and close?' },
  { words: [ 'where', 'human resources', 'hr' ],
    _id: 5bc46fd3f912411d00b93777,
    contentId: 3,
    contentType: 'Link',
    contentLevel: 'Public',
    content: 'The HR dept is located on the third floor of the main building. Room C36',
    domain: 'locations',
    testPhrase: 'Where is the HR department?' },
  { words: [ 'when', 'library', 'open' ],
    _id: 5bc46fd3f912411d00b93778,
    contentId: 4,
    contentType: 'Text',
    contentLevel: 'Public',
    content: 'The library is open Daily from 8:00 AM.',
    domain: 'Library',
    testPhrase: 'When is the library open ?' },
  { words: [ 'when', 'library', 'close' ],
    _id: 5bc46fd3f912411d00b93779,
    contentId: 5,
    contentType: 'Text',
    contentLevel: 'Public',
    content: 'The library is close Daily on 6:00 PM.',
    domain: 'Library',
    testPhrase: 'When is the library close ?' },
  { words: [ 'who', 'CEO' ],
    _id: 5bc472c062e95803f0d26759,
    contentId: 6,
    contentType: 'Text',
    contentLevel: 'Public',
    content: 'CEO is Rajesh Sinha',
    domain: 'Library',
    testPhrase: 'Who is the CEO ?',
    __v: 0 } ]
[2018-10-15T16:32:10.612] [INFO] info - Search result of getAll Service []
[2018-10-15T16:32:53.488] [INFO] info - Search result of getAll Service [ { words: [ 'who', 'ceo' ],
    _id: 5bc473d58ebbc11cb812a234,
    contentId: 7,
    contentType: 'Text',
    contentLevel: 'Public',
    content: 'CEO is Rajesh Sinha',
    domain: 'Library',
    testPhrase: 'Who is the CEO ?',
    __v: 0 } ]
[2018-10-15T16:51:27.219] [INFO] info - Search result of getAll Service [ { words: [ 'who', 'ceo' ],
    _id: 5bc473d58ebbc11cb812a234,
    contentId: 7,
    contentType: 'Text',
    contentLevel: 'Public',
    content: 'CEO is Rajesh Sinha',
    domain: 'Library',
    testPhrase: 'Who is the CEO ?',
    __v: 0 } ]
[2018-10-15T16:52:23.943] [INFO] info - Search result of getAll Service [ { words: [ 'who', 'ceo' ],
    _id: 5bc473d58ebbc11cb812a234,
    contentId: 7,
    contentType: 'Text',
    contentLevel: 'Public',
    content: 'CEO is Rajesh Sinha',
    domain: 'Library',
    testPhrase: 'Who is the CEO ?',
    __v: 0 } ]
[2018-10-15T16:52:44.213] [INFO] info - Search result of getAll Service [ { words: [ 'when', 'library' ],
    _id: 5bc46fd3f912411d00b93776,
    contentId: 2,
    contentType: 'Link',
    contentLevel: 'Public',
    content: 'The library is open Daily from 8:00 AM to 18:00 AM',
    domain: 'Library',
    testPhrase: 'When is the library open and close?' },
  { words: [ 'when', 'library', 'open' ],
    _id: 5bc46fd3f912411d00b93778,
    contentId: 4,
    contentType: 'Text',
    contentLevel: 'Public',
    content: 'The library is open Daily from 8:00 AM.',
    domain: 'Library',
    testPhrase: 'When is the library open ?' },
  { words: [ 'when', 'library', 'close' ],
    _id: 5bc46fd3f912411d00b93779,
    contentId: 5,
    contentType: 'Text',
    contentLevel: 'Public',
    content: 'The library is close Daily on 6:00 PM.',
    domain: 'Library',
    testPhrase: 'When is the library close ?' } ]
[2018-10-15T16:58:49.350] [INFO] info - Search result of getAll Service [ { words: [ 'when', 'library', 'open' ],
    _id: 5bc46fd3f912411d00b93778,
    contentId: 4,
    contentType: 'Text',
    contentLevel: 'Public',
    content: 'The library is open Daily from 8:00 AM.',
    domain: 'Library',
    testPhrase: 'When is the library open ?' } ]
[2018-10-15T16:59:18.346] [INFO] info - Search result of getAll Service [ { words: [ 'when', 'library', 'close' ],
    _id: 5bc46fd3f912411d00b93779,
    contentId: 5,
    contentType: 'Text',
    contentLevel: 'Public',
    content: 'The library is close Daily on 6:00 PM.',
    domain: 'Library',
    testPhrase: 'When is the library close ?' } ]
[2018-10-15T18:34:27.438] [INFO] info - Search result of getAll Service []
[2018-10-15T18:43:53.530] [INFO] info - Search result of getAll Service [ { words: [ 'where', 'library' ],
    _id: 5bc4928ca9825e0a90c01216,
    contentId: '0',
    contentType: 'Link',
    contentLevel: 'Public',
    content: 'HTTP://EXAMPLE.COM',
    domain: 'Library',
    testPhrase: 'Where is the Library?' },
  { words: [ 'how', 'library' ],
    _id: 5bc4928ca9825e0a90c01217,
    contentId: '1',
    contentType: 'Link',
    contentLevel: 'Public',
    content: 'HTTP://EXAMPLE2.COM',
    domain: 'Library',
    testPhrase: 'How to check out a library book?' },
  { words: [ 'when', 'library' ],
    _id: 5bc4928ca9825e0a90c01218,
    contentId: '2',
    contentType: 'Link',
    contentLevel: 'Public',
    content: 'The library is open Daily from 8:00 AM to 18:00 AM',
    domain: 'Library',
    testPhrase: 'When is the library open and close?' },
  { words: [ 'where', 'human resources', 'hr' ],
    _id: 5bc4928ca9825e0a90c01219,
    contentId: '3',
    contentType: 'Link',
    contentLevel: 'Public',
    content: 'The HR dept is located on the third floor of the main building. Room C36',
    domain: 'locations',
    testPhrase: 'Where is the HR department?' },
  { words: [ 'when', 'library', 'open' ],
    _id: 5bc4928ca9825e0a90c0121a,
    contentId: '4',
    contentType: 'Text',
    contentLevel: 'Public',
    content: 'The library is open Daily from 8:00 AM.',
    domain: 'Library',
    testPhrase: 'When is the library open ?' },
  { words: [ 'when', 'library', 'close' ],
    _id: 5bc4928ca9825e0a90c0121b,
    contentId: '5',
    contentType: 'Text',
    contentLevel: 'Public',
    content: 'The library is close Daily on 6:00 PM.',
    domain: 'Library',
    testPhrase: 'When is the library close ?' } ]
[2018-10-15T18:44:40.010] [INFO] info - Search result of getAll Service [ { words: [ 'who', 'ceo' ],
    _id: 5bc492baa9825e0a90c0121c,
    contentType: 'Text',
    contentLevel: 'Public',
    content: 'CEO is Rajesh Sinha',
    domain: 'Library',
    testPhrase: 'Who is the CEO ?',
    __v: 0 } ]
[2018-10-15T18:47:39.492] [INFO] info - Search result of getAll Service []
[2018-10-15T18:52:50.072] [INFO] info - Search result of getAll Service [ { words: [ 'who', 'library', 'head' ],
    _id: 5bc493730665bd01b4ba8860,
    contentType: 'Text',
    contentLevel: 'Public',
    content: 'Vinayak',
    domain: 'library',
    testPhrase: 'who is the library head?',
    chatId: 7,
    __v: 0 } ]
[2018-10-15T18:53:30.770] [INFO] info - Search result of getAll Service [ { words: [ 'who', 'ceo' ],
    _id: 5bc492e70665bd01b4ba8859,
    contentType: 'Text',
    contentLevel: 'Public',
    content: 'CEO is Rajesh Sinha',
    domain: 'Library',
    testPhrase: 'Who is the CEO ?',
    chatId: 0,
    __v: 0 },
  { words: [ 'where', 'library' ],
    _id: 5bc4930f0665bd01b4ba885a,
    contentType: 'Link',
    contentLevel: 'Public',
    content: 'HTTP://EXAMPLE.COM',
    domain: 'Library',
    testPhrase: 'Where is the Library?',
    chatId: 1,
    __v: 0 },
  { words: [ 'how', 'library' ],
    _id: 5bc493210665bd01b4ba885b,
    contentType: 'Link',
    contentLevel: 'Public',
    content: 'HTTP://EXAMPLE2.COM',
    domain: 'Library',
    testPhrase: 'How to check out a library book?',
    chatId: 2,
    __v: 0 },
  { words: [ 'when', 'library' ],
    _id: 5bc493370665bd01b4ba885c,
    contentType: 'Link',
    contentLevel: 'Public',
    content: 'The library is open Daily from 8:00 AM to 18:00 AM',
    domain: 'Library',
    testPhrase: 'When is the library open and close?',
    chatId: 3,
    __v: 0 },
  { words: [ 'where', 'human resources', 'hr' ],
    _id: 5bc493480665bd01b4ba885d,
    contentType: 'Link',
    contentLevel: 'Public',
    content: 'The HR dept is located on the third floor of the main building. Room C36',
    domain: 'locations',
    testPhrase: 'Where is the HR department?',
    chatId: 4,
    __v: 0 },
  { words: [ 'when', 'library', 'open' ],
    _id: 5bc4935c0665bd01b4ba885e,
    contentType: 'Text',
    contentLevel: 'Public',
    content: 'The library is open Daily from 8:00 AM.',
    domain: 'Library',
    testPhrase: 'When is the library open ?',
    chatId: 5,
    __v: 0 },
  { words: [ 'when', 'library', 'close' ],
    _id: 5bc4936b0665bd01b4ba885f,
    contentType: 'Text',
    contentLevel: 'Public',
    content: 'The library is close Daily on 6:00 PM.',
    domain: 'Library',
    testPhrase: 'When is the library close ?',
    chatId: 6,
    __v: 0 },
  { words: [ 'who', 'library', 'head' ],
    _id: 5bc493730665bd01b4ba8860,
    contentType: 'Text',
    contentLevel: 'Public',
    content: 'Vinayak',
    domain: 'library',
    testPhrase: 'who is the library head?',
    chatId: 7,
    __v: 0 } ]
[2018-10-15T18:53:54.022] [INFO] info - Search result of getAll Service [ { words: [ 'who', 'library', 'head' ],
    _id: 5bc493730665bd01b4ba8860,
    contentType: 'Text',
    contentLevel: 'Public',
    content: 'Vinayak',
    domain: 'library',
    testPhrase: 'who is the library head?',
    chatId: 7,
    __v: 0 } ]
[2018-10-15T18:54:12.001] [INFO] info - Search result of getAll Service []
[2018-10-15T18:54:59.325] [INFO] info - Search result of getAll Service [ { words: [ 'who', 'hr', 'head' ],
    _id: 5bc494fc9562d918f0d1c91e,
    contentType: 'Text',
    contentLevel: 'Public',
    content: 'Amol',
    domain: '',
    testPhrase: 'who is the hr head?',
    chatId: 8,
    __v: 0 } ]
[2018-10-15T18:55:14.235] [INFO] info - Search result of getAll Service [ { words: [ 'when', 'library' ],
    _id: 5bc493370665bd01b4ba885c,
    contentType: 'Link',
    contentLevel: 'Public',
    content: 'The library is open Daily from 8:00 AM to 18:00 AM',
    domain: 'Library',
    testPhrase: 'When is the library open and close?',
    chatId: 3,
    __v: 0 },
  { words: [ 'when', 'library', 'open' ],
    _id: 5bc4935c0665bd01b4ba885e,
    contentType: 'Text',
    contentLevel: 'Public',
    content: 'The library is open Daily from 8:00 AM.',
    domain: 'Library',
    testPhrase: 'When is the library open ?',
    chatId: 5,
    __v: 0 },
  { words: [ 'when', 'library', 'close' ],
    _id: 5bc4936b0665bd01b4ba885f,
    contentType: 'Text',
    contentLevel: 'Public',
    content: 'The library is close Daily on 6:00 PM.',
    domain: 'Library',
    testPhrase: 'When is the library close ?',
    chatId: 6,
    __v: 0 } ]
